
Date and Time: Tue Jan 30 19:28:40 2018
Type: Seg fault
Function: main

Date and Time: Tue Jan 30 19:28:40 2018
Type: Some sort of fault
Function: main

Date and Time: Tue Jan 30 19:28:40 2018
Type: Some sort of fault
Function: main

Date and Time: Wed Jan 31 17:18:32 2018
Type: Seg fault
Function: main

Date and Time: Wed Jan 31 17:18:32 2018
Type: Some sort of fault
Function: main

Date and Time: Wed Jan 31 17:18:32 2018
Type: Some sort of fault
Function: main

Date and Time: Wed Jan 31 17:39:56 2018
Type: Seg fault
Function: main

Date and Time: Wed Jan 31 17:39:56 2018
Type: Some sort of fault
Function: main

Date and Time: Wed Jan 31 17:39:56 2018
Type: Some sort of fault
Function: main

Date and Time: Wed Jan 31 17:56:35 2018
Type: Seg fault
Function: main

Date and Time: Wed Jan 31 17:56:35 2018
Type: Some sort of fault
Function: main

Date and Time: Wed Jan 31 17:56:35 2018
Type: Some sort of fault
Function: main

Date and Time: Wed Jan 31 17:57:02 2018
Type: Seg fault
Function: main

Date and Time: Wed Jan 31 17:57:02 2018
Type: Some sort of fault
Function: main

Date and Time: Wed Jan 31 17:57:02 2018
Type: Some sort of fault
Function: main

Date and Time: Wed Jan 31 17:57:56 2018
Type: Seg fault
Function: main

Date and Time: Wed Jan 31 17:57:56 2018
Type: Some sort of fault
Function: main

Date and Time: Wed Jan 31 17:57:56 2018
Type: Some sort of fault
Function: main

Date and Time: Wed Jan 31 17:58:04 2018
Type: Seg fault
Function: main

Date and Time: Wed Jan 31 17:58:04 2018
Type: Some sort of fault
Function: main

Date and Time: Wed Jan 31 17:58:04 2018
Type: Some sort of fault
Function: main

Date and Time: Wed Jan 31 18:10:57 2018
Type: Seg fault
Function: main

Date and Time: Wed Jan 31 18:10:57 2018
Type: Some sort of fault
Function: main

Date and Time: Wed Jan 31 18:10:57 2018
Type: Some sort of fault
Function: main

Date and Time: Wed Jan 31 18:11:15 2018
Type: Seg fault
Function: main

Date and Time: Wed Jan 31 18:11:15 2018
Type: Some sort of fault
Function: main

Date and Time: Wed Jan 31 18:11:15 2018
Type: Some sort of fault
Function: main

Date and Time: Wed Jan 31 18:14:26 2018
Type: Seg fault
Function: main

Date and Time: Wed Jan 31 18:14:26 2018
Type: Some sort of fault
Function: main

Date and Time: Wed Jan 31 18:14:26 2018
Type: Some sort of fault
Function: main
